# JRE version: Java(TM) SE Runtime Environment (8.0_231-b11) (build 1.8.0_231-b11)
# Java VM: Java HotSpot(TM) 64-Bit Server VM (25.231-b11 mixed mode windows-amd64 compressed oops)
Heap:
 PSYoungGen      total 82944K, used 27918K [0x000000076b400000, 0x0000000771c00000, 0x00000007c0000000)
  eden space 61440K, 43% used [0x000000076b400000,0x000000076cdec098,0x000000076f000000)
  from space 21504K, 6% used [0x000000076f100000,0x000000076f2577c8,0x0000000770600000)
  to   space 22528K, 0% used [0x0000000770600000,0x0000000770600000,0x0000000771c00000)
 ParOldGen       total 175104K, used 55733K [0x00000006c1c00000, 0x00000006cc700000, 0x000000076b400000)
  object space 175104K, 31% used [0x00000006c1c00000,0x00000006c526d7a8,0x00000006cc700000)
 Metaspace       used 19677K, capacity 20458K, committed 20608K, reserved 1067008K
  class space    used 2700K, capacity 2888K, committed 2944K, reserved 1048576K
GC Heap History (10 events):
Event: 9.247 GC heap before
{Heap before GC invocations=3 (full 0):
 PSYoungGen      total 76288K, used 75233K [0x000000076b400000, 0x0000000770900000, 0x00000007c0000000)
  eden space 65536K, 100% used [0x000000076b400000,0x000000076f400000,0x000000076f400000)
  from space 10752K, 90% used [0x000000076fe80000,0x00000007707f86b8,0x0000000770900000)
  to   space 10752K, 0% used [0x000000076f400000,0x000000076f400000,0x000000076fe80000)
 ParOldGen       total 175104K, used 47462K [0x00000006c1c00000, 0x00000006cc700000, 0x000000076b400000)
  object space 175104K, 27% used [0x00000006c1c00000,0x00000006c4a59a68,0x00000006cc700000)
 Metaspace       used 19413K, capacity 20232K, committed 20352K, reserved 1067008K
  class space    used 2693K, capacity 2883K, committed 2944K, reserved 1048576K
Event: 9.254 GC heap after
Heap after GC invocations=3 (full 0):
 PSYoungGen      total 76288K, used 9059K [0x000000076b400000, 0x0000000770900000, 0x00000007c0000000)
  eden space 65536K, 0% used [0x000000076b400000,0x000000076b400000,0x000000076f400000)
  from space 10752K, 84% used [0x000000076f400000,0x000000076fcd8cd8,0x000000076fe80000)
  to   space 10752K, 0% used [0x000000076fe80000,0x000000076fe80000,0x0000000770900000)
 ParOldGen       total 175104K, used 47470K [0x00000006c1c00000, 0x00000006cc700000, 0x000000076b400000)
  object space 175104K, 27% used [0x00000006c1c00000,0x00000006c4a5ba68,0x00000006cc700000)
 Metaspace       used 19413K, capacity 20232K, committed 20352K, reserved 1067008K
  class space    used 2693K, capacity 2883K, committed 2944K, reserved 1048576K
}
Event: 13.120 GC heap before
{Heap before GC invocations=4 (full 0):
 PSYoungGen      total 76288K, used 74595K [0x000000076b400000, 0x0000000770900000, 0x00000007c0000000)
  eden space 65536K, 100% used [0x000000076b400000,0x000000076f400000,0x000000076f400000)
  from space 10752K, 84% used [0x000000076f400000,0x000000076fcd8cd8,0x000000076fe80000)
  to   space 10752K, 0% used [0x000000076fe80000,0x000000076fe80000,0x0000000770900000)
 ParOldGen       total 175104K, used 47470K [0x00000006c1c00000, 0x00000006cc700000, 0x000000076b400000)
  object space 175104K, 27% used [0x00000006c1c00000,0x00000006c4a5ba68,0x00000006cc700000)
 Metaspace       used 19573K, capacity 20364K, committed 20608K, reserved 1067008K
  class space    used 2693K, capacity 2883K, committed 2944K, reserved 1048576K
Event: 13.131 GC heap after
Heap after GC invocations=4 (full 0):
 PSYoungGen      total 76288K, used 9847K [0x000000076b400000, 0x0000000770900000, 0x00000007c0000000)
  eden space 65536K, 0% used [0x000000076b400000,0x000000076b400000,0x000000076f400000)
  from space 10752K, 91% used [0x000000076fe80000,0x000000077081df10,0x0000000770900000)
  to   space 10752K, 0% used [0x000000076f400000,0x000000076f400000,0x000000076fe80000)
 ParOldGen       total 175104K, used 47478K [0x00000006c1c00000, 0x00000006cc700000, 0x000000076b400000)
  object space 175104K, 27% used [0x00000006c1c00000,0x00000006c4a5da68,0x00000006cc700000)
 Metaspace       used 19573K, capacity 20364K, committed 20608K, reserved 1067008K
  class space    used 2693K, capacity 2883K, committed 2944K, reserved 1048576K
}
Event: 15.532 GC heap before
{Heap before GC invocations=5 (full 0):
 PSYoungGen      total 76288K, used 75383K [0x000000076b400000, 0x0000000770900000, 0x00000007c0000000)
  eden space 65536K, 100% used [0x000000076b400000,0x000000076f400000,0x000000076f400000)
  from space 10752K, 91% used [0x000000076fe80000,0x000000077081df10,0x0000000770900000)
  to   space 10752K, 0% used [0x000000076f400000,0x000000076f400000,0x000000076fe80000)
 ParOldGen       total 175104K, used 47478K [0x00000006c1c00000, 0x00000006cc700000, 0x000000076b400000)
  object space 175104K, 27% used [0x00000006c1c00000,0x00000006c4a5da68,0x00000006cc700000)
 Metaspace       used 19629K, capacity 20364K, committed 20608K, reserved 1067008K
  class space    used 2694K, capacity 2883K, committed 2944K, reserved 1048576K
Event: 15.544 GC heap after
Heap after GC invocations=5 (full 0):
 PSYoungGen      total 74752K, used 9922K [0x000000076b400000, 0x0000000771e80000, 0x00000007c0000000)
  eden space 64000K, 0% used [0x000000076b400000,0x000000076b400000,0x000000076f280000)
  from space 10752K, 92% used [0x000000076f400000,0x000000076fdb0a20,0x000000076fe80000)
  to   space 22528K, 0% used [0x0000000770880000,0x0000000770880000,0x0000000771e80000)
 ParOldGen       total 175104K, used 47486K [0x00000006c1c00000, 0x00000006cc700000, 0x000000076b400000)
  object space 175104K, 27% used [0x00000006c1c00000,0x00000006c4a5fa68,0x00000006cc700000)
 Metaspace       used 19629K, capacity 20364K, committed 20608K, reserved 1067008K
  class space    used 2694K, capacity 2883K, committed 2944K, reserved 1048576K
}
Event: 17.885 GC heap before
{Heap before GC invocations=6 (full 0):
 PSYoungGen      total 74752K, used 73922K [0x000000076b400000, 0x0000000771e80000, 0x00000007c0000000)
  eden space 64000K, 100% used [0x000000076b400000,0x000000076f280000,0x000000076f280000)
  from space 10752K, 92% used [0x000000076f400000,0x000000076fdb0a20,0x000000076fe80000)
  to   space 22528K, 0% used [0x0000000770880000,0x0000000770880000,0x0000000771e80000)
 ParOldGen       total 175104K, used 47486K [0x00000006c1c00000, 0x00000006cc700000, 0x000000076b400000)
  object space 175104K, 27% used [0x00000006c1c00000,0x00000006c4a5fa68,0x00000006cc700000)
 Metaspace       used 19645K, capacity 20376K, committed 20608K, reserved 1067008K
  class space    used 2696K, capacity 2885K, committed 2944K, reserved 1048576K
Event: 17.897 GC heap after
Heap after GC invocations=6 (full 0):
 PSYoungGen      total 81408K, used 9986K [0x000000076b400000, 0x0000000771b00000, 0x00000007c0000000)
  eden space 62464K, 0% used [0x000000076b400000,0x000000076b400000,0x000000076f100000)
  from space 18944K, 52% used [0x0000000770880000,0x0000000771240958,0x0000000771b00000)
  to   space 21504K, 0% used [0x000000076f100000,0x000000076f100000,0x0000000770600000)
 ParOldGen       total 175104K, used 47494K [0x00000006c1c00000, 0x00000006cc700000, 0x000000076b400000)
  object space 175104K, 27% used [0x00000006c1c00000,0x00000006c4a61a68,0x00000006cc700000)
 Metaspace       used 19645K, capacity 20376K, committed 20608K, reserved 1067008K
  class space    used 2696K, capacity 2885K, committed 2944K, reserved 1048576K
}
Event: 19.356 GC heap before
{Heap before GC invocations=7 (full 0):
 PSYoungGen      total 81408K, used 72450K [0x000000076b400000, 0x0000000771b00000, 0x00000007c0000000)
  eden space 62464K, 100% used [0x000000076b400000,0x000000076f100000,0x000000076f100000)
  from space 18944K, 52% used [0x0000000770880000,0x0000000771240958,0x0000000771b00000)
  to   space 21504K, 0% used [0x000000076f100000,0x000000076f100000,0x0000000770600000)
 ParOldGen       total 175104K, used 47494K [0x00000006c1c00000, 0x00000006cc700000, 0x000000076b400000)
  object space 175104K, 27% used [0x00000006c1c00000,0x00000006c4a61a68,0x00000006cc700000)
 Metaspace       used 19656K, capacity 20382K, committed 20608K, reserved 1067008K
  class space    used 2696K, capacity 2886K, committed 2944K, reserved 1048576K
Event: 19.364 GC heap after
Heap after GC invocations=7 (full 0):
 PSYoungGen      total 82944K, used 1373K [0x000000076b400000, 0x0000000771c00000, 0x00000007c0000000)
  eden space 61440K, 0% used [0x000000076b400000,0x000000076b400000,0x000000076f000000)
  from space 21504K, 6% used [0x000000076f100000,0x000000076f2577c8,0x0000000770600000)
  to   space 22528K, 0% used [0x0000000770600000,0x0000000770600000,0x0000000771c00000)
 ParOldGen       total 175104K, used 55733K [0x00000006c1c00000, 0x00000006cc700000, 0x000000076b400000)
  object space 175104K, 31% used [0x00000006c1c00000,0x00000006c526d7a8,0x00000006cc700000)
 Metaspace       used 19656K, capacity 20382K, committed 20608K, reserved 1067008K
  class space    used 2696K, capacity 2886K, committed 2944K, reserved 1048576K
}

