# JRE version: Java(TM) SE Runtime Environment (8.0_231-b11) (build 1.8.0_231-b11)
# Java VM: Java HotSpot(TM) 64-Bit Server VM (25.231-b11 mixed mode windows-amd64 compressed oops)
Heap:
 PSYoungGen      total 60928K, used 26146K [0x000000076b400000, 0x0000000771b00000, 0x00000007c0000000)
  eden space 59392K, 42% used [0x000000076b400000,0x000000076cc65638,0x000000076ee00000)
  from space 1536K, 75% used [0x000000076ef00000,0x000000076f023408,0x000000076f080000)
  to   space 23040K, 0% used [0x0000000770480000,0x0000000770480000,0x0000000771b00000)
 ParOldGen       total 175104K, used 56553K [0x00000006c1c00000, 0x00000006cc700000, 0x000000076b400000)
  object space 175104K, 32% used [0x00000006c1c00000,0x00000006c533a720,0x00000006cc700000)
 Metaspace       used 19716K, capacity 20512K, committed 20608K, reserved 1067008K
  class space    used 2706K, capacity 2921K, committed 2944K, reserved 1048576K
GC Heap History (10 events):
Event: 13.403 GC heap before
{Heap before GC invocations=5 (full 0):
 PSYoungGen      total 76288K, used 74706K [0x000000076b400000, 0x0000000770900000, 0x00000007c0000000)
  eden space 65536K, 100% used [0x000000076b400000,0x000000076f400000,0x000000076f400000)
  from space 10752K, 85% used [0x000000076fe80000,0x0000000770774a20,0x0000000770900000)
  to   space 10752K, 0% used [0x000000076f400000,0x000000076f400000,0x000000076fe80000)
 ParOldGen       total 175104K, used 48100K [0x00000006c1c00000, 0x00000006cc700000, 0x000000076b400000)
  object space 175104K, 27% used [0x00000006c1c00000,0x00000006c4af9168,0x00000006cc700000)
 Metaspace       used 19649K, capacity 20430K, committed 20608K, reserved 1067008K
  class space    used 2700K, capacity 2884K, committed 2944K, reserved 1048576K
Event: 13.412 GC heap after
Heap after GC invocations=5 (full 0):
 PSYoungGen      total 74752K, used 9731K [0x000000076b400000, 0x0000000771f80000, 0x00000007c0000000)
  eden space 64000K, 0% used [0x000000076b400000,0x000000076b400000,0x000000076f280000)
  from space 10752K, 90% used [0x000000076f400000,0x000000076fd80fc0,0x000000076fe80000)
  to   space 23040K, 0% used [0x0000000770900000,0x0000000770900000,0x0000000771f80000)
 ParOldGen       total 175104K, used 48108K [0x00000006c1c00000, 0x00000006cc700000, 0x000000076b400000)
  object space 175104K, 27% used [0x00000006c1c00000,0x00000006c4afb168,0x00000006cc700000)
 Metaspace       used 19649K, capacity 20430K, committed 20608K, reserved 1067008K
  class space    used 2700K, capacity 2884K, committed 2944K, reserved 1048576K
}
Event: 15.759 GC heap before
{Heap before GC invocations=6 (full 0):
 PSYoungGen      total 74752K, used 73731K [0x000000076b400000, 0x0000000771f80000, 0x00000007c0000000)
  eden space 64000K, 100% used [0x000000076b400000,0x000000076f280000,0x000000076f280000)
  from space 10752K, 90% used [0x000000076f400000,0x000000076fd80fc0,0x000000076fe80000)
  to   space 23040K, 0% used [0x0000000770900000,0x0000000770900000,0x0000000771f80000)
 ParOldGen       total 175104K, used 48108K [0x00000006c1c00000, 0x00000006cc700000, 0x000000076b400000)
  object space 175104K, 27% used [0x00000006c1c00000,0x00000006c4afb168,0x00000006cc700000)
 Metaspace       used 19675K, capacity 20468K, committed 20608K, reserved 1067008K
  class space    used 2702K, capacity 2887K, committed 2944K, reserved 1048576K
Event: 15.774 GC heap after
Heap after GC invocations=6 (full 0):
 PSYoungGen      total 81920K, used 9976K [0x000000076b400000, 0x0000000771c00000, 0x00000007c0000000)
  eden space 62464K, 0% used [0x000000076b400000,0x000000076b400000,0x000000076f100000)
  from space 19456K, 51% used [0x0000000770900000,0x00000007712be2d0,0x0000000771c00000)
  to   space 22016K, 0% used [0x000000076f100000,0x000000076f100000,0x0000000770680000)
 ParOldGen       total 175104K, used 48116K [0x00000006c1c00000, 0x00000006cc700000, 0x000000076b400000)
  object space 175104K, 27% used [0x00000006c1c00000,0x00000006c4afd168,0x00000006cc700000)
 Metaspace       used 19675K, capacity 20468K, committed 20608K, reserved 1067008K
  class space    used 2702K, capacity 2887K, committed 2944K, reserved 1048576K
}
Event: 18.076 GC heap before
{Heap before GC invocations=7 (full 0):
 PSYoungGen      total 81920K, used 72440K [0x000000076b400000, 0x0000000771c00000, 0x00000007c0000000)
  eden space 62464K, 100% used [0x000000076b400000,0x000000076f100000,0x000000076f100000)
  from space 19456K, 51% used [0x0000000770900000,0x00000007712be2d0,0x0000000771c00000)
  to   space 22016K, 0% used [0x000000076f100000,0x000000076f100000,0x0000000770680000)
 ParOldGen       total 175104K, used 48116K [0x00000006c1c00000, 0x00000006cc700000, 0x000000076b400000)
  object space 175104K, 27% used [0x00000006c1c00000,0x00000006c4afd168,0x00000006cc700000)
 Metaspace       used 19676K, capacity 20468K, committed 20608K, reserved 1067008K
  class space    used 2702K, capacity 2887K, committed 2944K, reserved 1048576K
Event: 18.088 GC heap after
Heap after GC invocations=7 (full 0):
 PSYoungGen      total 83456K, used 1637K [0x000000076b400000, 0x0000000771d00000, 0x00000007c0000000)
  eden space 61440K, 0% used [0x000000076b400000,0x000000076b400000,0x000000076f000000)
  from space 22016K, 7% used [0x000000076f100000,0x000000076f2997b8,0x0000000770680000)
  to   space 23040K, 0% used [0x0000000770680000,0x0000000770680000,0x0000000771d00000)
 ParOldGen       total 175104K, used 56377K [0x00000006c1c00000, 0x00000006cc700000, 0x000000076b400000)
  object space 175104K, 32% used [0x00000006c1c00000,0x00000006c530e710,0x00000006cc700000)
 Metaspace       used 19676K, capacity 20468K, committed 20608K, reserved 1067008K
  class space    used 2702K, capacity 2887K, committed 2944K, reserved 1048576K
}
Event: 20.347 GC heap before
{Heap before GC invocations=8 (full 0):
 PSYoungGen      total 83456K, used 63077K [0x000000076b400000, 0x0000000771d00000, 0x00000007c0000000)
  eden space 61440K, 100% used [0x000000076b400000,0x000000076f000000,0x000000076f000000)
  from space 22016K, 7% used [0x000000076f100000,0x000000076f2997b8,0x0000000770680000)
  to   space 23040K, 0% used [0x0000000770680000,0x0000000770680000,0x0000000771d00000)
 ParOldGen       total 175104K, used 56377K [0x00000006c1c00000, 0x00000006cc700000, 0x000000076b400000)
  object space 175104K, 32% used [0x00000006c1c00000,0x00000006c530e710,0x00000006cc700000)
 Metaspace       used 19692K, capacity 20468K, committed 20608K, reserved 1067008K
  class space    used 2703K, capacity 2887K, committed 2944K, reserved 1048576K
Event: 20.351 GC heap after
Heap after GC invocations=8 (full 0):
 PSYoungGen      total 82432K, used 1541K [0x000000076b400000, 0x0000000771c00000, 0x00000007c0000000)
  eden space 60416K, 0% used [0x000000076b400000,0x000000076b400000,0x000000076ef00000)
  from space 22016K, 7% used [0x0000000770680000,0x00000007708017b8,0x0000000771c00000)
  to   space 23040K, 0% used [0x000000076ef00000,0x000000076ef00000,0x0000000770580000)
 ParOldGen       total 175104K, used 56465K [0x00000006c1c00000, 0x00000006cc700000, 0x000000076b400000)
  object space 175104K, 32% used [0x00000006c1c00000,0x00000006c5324710,0x00000006cc700000)
 Metaspace       used 19692K, capacity 20468K, committed 20608K, reserved 1067008K
  class space    used 2703K, capacity 2887K, committed 2944K, reserved 1048576K
}
Event: 21.796 GC heap before
{Heap before GC invocations=9 (full 0):
 PSYoungGen      total 82432K, used 61957K [0x000000076b400000, 0x0000000771c00000, 0x00000007c0000000)
  eden space 60416K, 100% used [0x000000076b400000,0x000000076ef00000,0x000000076ef00000)
  from space 22016K, 7% used [0x0000000770680000,0x00000007708017b8,0x0000000771c00000)
  to   space 23040K, 0% used [0x000000076ef00000,0x000000076ef00000,0x0000000770580000)
 ParOldGen       total 175104K, used 56465K [0x00000006c1c00000, 0x00000006cc700000, 0x000000076b400000)
  object space 175104K, 32% used [0x00000006c1c00000,0x00000006c5324710,0x00000006cc700000)
 Metaspace       used 19695K, capacity 20468K, committed 20608K, reserved 1067008K
  class space    used 2703K, capacity 2887K, committed 2944K, reserved 1048576K
Event: 21.800 GC heap after
Heap after GC invocations=9 (full 0):
 PSYoungGen      total 60928K, used 1165K [0x000000076b400000, 0x0000000771b00000, 0x00000007c0000000)
  eden space 59392K, 0% used [0x000000076b400000,0x000000076b400000,0x000000076ee00000)
  from space 1536K, 75% used [0x000000076ef00000,0x000000076f023408,0x000000076f080000)
  to   space 23040K, 0% used [0x0000000770480000,0x0000000770480000,0x0000000771b00000)
 ParOldGen       total 175104K, used 56553K [0x00000006c1c00000, 0x00000006cc700000, 0x000000076b400000)
  object space 175104K, 32% used [0x00000006c1c00000,0x00000006c533a720,0x00000006cc700000)
 Metaspace       used 19695K, capacity 20468K, committed 20608K, reserved 1067008K
  class space    used 2703K, capacity 2887K, committed 2944K, reserved 1048576K
}

