# JRE version: Java(TM) SE Runtime Environment (8.0_231-b11) (build 1.8.0_231-b11)
# Java VM: Java HotSpot(TM) 64-Bit Server VM (25.231-b11 mixed mode windows-amd64 compressed oops)
Heap:
 PSYoungGen      total 60928K, used 27974K [0x000000076b400000, 0x0000000771d00000, 0x00000007c0000000)
  eden space 59392K, 44% used [0x000000076b400000,0x000000076cde2440,0x000000076ee00000)
  from space 1536K, 95% used [0x000000076ef00000,0x000000076f06f6d0,0x000000076f080000)
  to   space 24064K, 0% used [0x0000000770580000,0x0000000770580000,0x0000000771d00000)
 ParOldGen       total 175104K, used 57655K [0x00000006c1c00000, 0x00000006cc700000, 0x000000076b400000)
  object space 175104K, 32% used [0x00000006c1c00000,0x00000006c544dee0,0x00000006cc700000)
 Metaspace       used 19730K, capacity 20552K, committed 20608K, reserved 1067008K
  class space    used 2698K, capacity 2889K, committed 2944K, reserved 1048576K
GC Heap History (10 events):
Event: 15.387 GC heap before
{Heap before GC invocations=5 (full 0):
 PSYoungGen      total 76288K, used 75086K [0x000000076b400000, 0x0000000770900000, 0x00000007c0000000)
  eden space 65536K, 100% used [0x000000076b400000,0x000000076f400000,0x000000076f400000)
  from space 10752K, 88% used [0x000000076fe80000,0x00000007707d3818,0x0000000770900000)
  to   space 10752K, 0% used [0x000000076f400000,0x000000076f400000,0x000000076fe80000)
 ParOldGen       total 175104K, used 49013K [0x00000006c1c00000, 0x00000006cc700000, 0x000000076b400000)
  object space 175104K, 27% used [0x00000006c1c00000,0x00000006c4bdd428,0x00000006cc700000)
 Metaspace       used 19600K, capacity 20374K, committed 20608K, reserved 1067008K
  class space    used 2691K, capacity 2884K, committed 2944K, reserved 1048576K
Event: 15.399 GC heap after
Heap after GC invocations=5 (full 0):
 PSYoungGen      total 74752K, used 9413K [0x000000076b400000, 0x0000000772180000, 0x00000007c0000000)
  eden space 64000K, 0% used [0x000000076b400000,0x000000076b400000,0x000000076f280000)
  from space 10752K, 87% used [0x000000076f400000,0x000000076fd314a0,0x000000076fe80000)
  to   space 24064K, 0% used [0x0000000770a00000,0x0000000770a00000,0x0000000772180000)
 ParOldGen       total 175104K, used 49021K [0x00000006c1c00000, 0x00000006cc700000, 0x000000076b400000)
  object space 175104K, 27% used [0x00000006c1c00000,0x00000006c4bdf428,0x00000006cc700000)
 Metaspace       used 19600K, capacity 20374K, committed 20608K, reserved 1067008K
  class space    used 2691K, capacity 2884K, committed 2944K, reserved 1048576K
}
Event: 18.362 GC heap before
{Heap before GC invocations=6 (full 0):
 PSYoungGen      total 74752K, used 73413K [0x000000076b400000, 0x0000000772180000, 0x00000007c0000000)
  eden space 64000K, 100% used [0x000000076b400000,0x000000076f280000,0x000000076f280000)
  from space 10752K, 87% used [0x000000076f400000,0x000000076fd314a0,0x000000076fe80000)
  to   space 24064K, 0% used [0x0000000770a00000,0x0000000770a00000,0x0000000772180000)
 ParOldGen       total 175104K, used 49021K [0x00000006c1c00000, 0x00000006cc700000, 0x000000076b400000)
  object space 175104K, 27% used [0x00000006c1c00000,0x00000006c4bdf428,0x00000006cc700000)
 Metaspace       used 19638K, capacity 20374K, committed 20608K, reserved 1067008K
  class space    used 2692K, capacity 2884K, committed 2944K, reserved 1048576K
Event: 18.373 GC heap after
Heap after GC invocations=6 (full 0):
 PSYoungGen      total 82944K, used 9379K [0x000000076b400000, 0x0000000771e00000, 0x00000007c0000000)
  eden space 62464K, 0% used [0x000000076b400000,0x000000076b400000,0x000000076f100000)
  from space 20480K, 45% used [0x0000000770a00000,0x0000000771328ce8,0x0000000771e00000)
  to   space 23040K, 0% used [0x000000076f100000,0x000000076f100000,0x0000000770780000)
 ParOldGen       total 175104K, used 49029K [0x00000006c1c00000, 0x00000006cc700000, 0x000000076b400000)
  object space 175104K, 27% used [0x00000006c1c00000,0x00000006c4be1428,0x00000006cc700000)
 Metaspace       used 19638K, capacity 20374K, committed 20608K, reserved 1067008K
  class space    used 2692K, capacity 2884K, committed 2944K, reserved 1048576K
}
Event: 20.127 GC heap before
{Heap before GC invocations=7 (full 0):
 PSYoungGen      total 82944K, used 71843K [0x000000076b400000, 0x0000000771e00000, 0x00000007c0000000)
  eden space 62464K, 100% used [0x000000076b400000,0x000000076f100000,0x000000076f100000)
  from space 20480K, 45% used [0x0000000770a00000,0x0000000771328ce8,0x0000000771e00000)
  to   space 23040K, 0% used [0x000000076f100000,0x000000076f100000,0x0000000770780000)
 ParOldGen       total 175104K, used 49029K [0x00000006c1c00000, 0x00000006cc700000, 0x000000076b400000)
  object space 175104K, 27% used [0x00000006c1c00000,0x00000006c4be1428,0x00000006cc700000)
 Metaspace       used 19654K, capacity 20438K, committed 20608K, reserved 1067008K
  class space    used 2692K, capacity 2884K, committed 2944K, reserved 1048576K
Event: 20.136 GC heap after
Heap after GC invocations=7 (full 0):
 PSYoungGen      total 84480K, used 1189K [0x000000076b400000, 0x0000000771f00000, 0x00000007c0000000)
  eden space 61440K, 0% used [0x000000076b400000,0x000000076b400000,0x000000076f000000)
  from space 23040K, 5% used [0x000000076f100000,0x000000076f2297b8,0x0000000770780000)
  to   space 24064K, 0% used [0x0000000770780000,0x0000000770780000,0x0000000771f00000)
 ParOldGen       total 175104K, used 57495K [0x00000006c1c00000, 0x00000006cc700000, 0x000000076b400000)
  object space 175104K, 32% used [0x00000006c1c00000,0x00000006c5425ee0,0x00000006cc700000)
 Metaspace       used 19654K, capacity 20438K, committed 20608K, reserved 1067008K
  class space    used 2692K, capacity 2884K, committed 2944K, reserved 1048576K
}
Event: 22.539 GC heap before
{Heap before GC invocations=8 (full 0):
 PSYoungGen      total 84480K, used 62629K [0x000000076b400000, 0x0000000771f00000, 0x00000007c0000000)
  eden space 61440K, 100% used [0x000000076b400000,0x000000076f000000,0x000000076f000000)
  from space 23040K, 5% used [0x000000076f100000,0x000000076f2297b8,0x0000000770780000)
  to   space 24064K, 0% used [0x0000000770780000,0x0000000770780000,0x0000000771f00000)
 ParOldGen       total 175104K, used 57495K [0x00000006c1c00000, 0x00000006cc700000, 0x000000076b400000)
  object space 175104K, 32% used [0x00000006c1c00000,0x00000006c5425ee0,0x00000006cc700000)
 Metaspace       used 19672K, capacity 20476K, committed 20608K, reserved 1067008K
  class space    used 2694K, capacity 2887K, committed 2944K, reserved 1048576K
Event: 22.543 GC heap after
Heap after GC invocations=8 (full 0):
 PSYoungGen      total 83456K, used 1461K [0x000000076b400000, 0x0000000771e00000, 0x00000007c0000000)
  eden space 60416K, 0% used [0x000000076b400000,0x000000076b400000,0x000000076ef00000)
  from space 23040K, 6% used [0x0000000770780000,0x00000007708ed4f0,0x0000000771e00000)
  to   space 24064K, 0% used [0x000000076ef00000,0x000000076ef00000,0x0000000770680000)
 ParOldGen       total 175104K, used 57575K [0x00000006c1c00000, 0x00000006cc700000, 0x000000076b400000)
  object space 175104K, 32% used [0x00000006c1c00000,0x00000006c5439ee0,0x00000006cc700000)
 Metaspace       used 19672K, capacity 20476K, committed 20608K, reserved 1067008K
  class space    used 2694K, capacity 2887K, committed 2944K, reserved 1048576K
}
Event: 24.940 GC heap before
{Heap before GC invocations=9 (full 0):
 PSYoungGen      total 83456K, used 61877K [0x000000076b400000, 0x0000000771e00000, 0x00000007c0000000)
  eden space 60416K, 100% used [0x000000076b400000,0x000000076ef00000,0x000000076ef00000)
  from space 23040K, 6% used [0x0000000770780000,0x00000007708ed4f0,0x0000000771e00000)
  to   space 24064K, 0% used [0x000000076ef00000,0x000000076ef00000,0x0000000770680000)
 ParOldGen       total 175104K, used 57575K [0x00000006c1c00000, 0x00000006cc700000, 0x000000076b400000)
  object space 175104K, 32% used [0x00000006c1c00000,0x00000006c5439ee0,0x00000006cc700000)
 Metaspace       used 19689K, capacity 20476K, committed 20608K, reserved 1067008K
  class space    used 2695K, capacity 2887K, committed 2944K, reserved 1048576K
Event: 24.944 GC heap after
Heap after GC invocations=9 (full 0):
 PSYoungGen      total 60928K, used 1469K [0x000000076b400000, 0x0000000771d00000, 0x00000007c0000000)
  eden space 59392K, 0% used [0x000000076b400000,0x000000076b400000,0x000000076ee00000)
  from space 1536K, 95% used [0x000000076ef00000,0x000000076f06f6d0,0x000000076f080000)
  to   space 24064K, 0% used [0x0000000770580000,0x0000000770580000,0x0000000771d00000)
 ParOldGen       total 175104K, used 57655K [0x00000006c1c00000, 0x00000006cc700000, 0x000000076b400000)
  object space 175104K, 32% used [0x00000006c1c00000,0x00000006c544dee0,0x00000006cc700000)
 Metaspace       used 19689K, capacity 20476K, committed 20608K, reserved 1067008K
  class space    used 2695K, capacity 2887K, committed 2944K, reserved 1048576K
}

